{"uuid":"1cf3956a-ef5b-4a1c-8870-b4a11066d77e","historyId":"e91c58d4df3ce3f39b726fa64ae91155","fullName":"tests.RegisterUser.RegisterUser","labels":[{"name":"package","value":"tests.RegisterUser"},{"name":"testClass","value":"tests.RegisterUser"},{"name":"testMethod","value":"RegisterUser"},{"name":"parentSuite","value":"Default Suite"},{"name":"suite","value":"SeleniumWithChatGPT"},{"name":"subSuite","value":"tests.RegisterUser"},{"name":"host","value":"Mac.lan"},{"name":"thread","value":"3795@Mac.lan.main(1)"},{"name":"framework","value":"testng"},{"name":"language","value":"java"}],"links":[],"name":"Register a user by filling the bug form with different test data","status":"broken","statusDetails":{"known":false,"muted":false,"flaky":false,"message":"java.lang.RuntimeException: Failed to read test data from JSON file: argument \"src\" is null","trace":"java.lang.RuntimeException: java.lang.RuntimeException: Failed to read test data from JSON file: argument \"src\" is null\n\tat org.testng.internal.invokers.MethodInvocationHelper.invokeMethodNoCheckedException(MethodInvocationHelper.java:58)\n\tat org.testng.internal.invokers.MethodInvocationHelper.invokeDataProvider(MethodInvocationHelper.java:159)\n\tat org.testng.internal.Parameters.handleParameters(Parameters.java:809)\n\tat org.testng.internal.Parameters.handleParameters(Parameters.java:734)\n\tat org.testng.internal.invokers.ParameterHandler.handleParameters(ParameterHandler.java:72)\n\tat org.testng.internal.invokers.ParameterHandler.createParameters(ParameterHandler.java:51)\n\tat org.testng.internal.invokers.TestInvoker$MethodInvocationAgent.invoke(TestInvoker.java:946)\n\tat org.testng.internal.invokers.TestInvoker.invokeTestMethods(TestInvoker.java:203)\n\tat org.testng.internal.invokers.TestMethodWorker.invokeTestMethods(TestMethodWorker.java:154)\n\tat org.testng.internal.invokers.TestMethodWorker.run(TestMethodWorker.java:134)\n\tat java.base/java.util.ArrayList.forEach(ArrayList.java:1597)\n\tat org.testng.TestRunner.privateRun(TestRunner.java:739)\n\tat org.testng.TestRunner.run(TestRunner.java:614)\n\tat org.testng.SuiteRunner.runTest(SuiteRunner.java:421)\n\tat org.testng.SuiteRunner.runSequentially(SuiteRunner.java:413)\n\tat org.testng.SuiteRunner.privateRun(SuiteRunner.java:373)\n\tat org.testng.SuiteRunner.run(SuiteRunner.java:312)\n\tat org.testng.SuiteRunnerWorker.runSuite(SuiteRunnerWorker.java:52)\n\tat org.testng.SuiteRunnerWorker.run(SuiteRunnerWorker.java:95)\n\tat org.testng.TestNG.runSuitesSequentially(TestNG.java:1274)\n\tat org.testng.TestNG.runSuitesLocally(TestNG.java:1208)\n\tat org.testng.TestNG.runSuites(TestNG.java:1112)\n\tat org.testng.TestNG.run(TestNG.java:1079)\n\tat com.intellij.rt.testng.IDEARemoteTestNG.run(IDEARemoteTestNG.java:65)\n\tat com.intellij.rt.testng.RemoteTestNGStarter.main(RemoteTestNGStarter.java:105)\nCaused by: java.lang.RuntimeException: Failed to read test data from JSON file: argument \"src\" is null\n\tat Utils.TestDataUtil.getTestDataFromJson(TestDataUtil.java:31)\n\tat tests.RegisterUser.userDataProvider(RegisterUser.java:69)\n\tat java.base/jdk.internal.reflect.DirectMethodHandleAccessor.invoke(DirectMethodHandleAccessor.java:103)\n\tat java.base/java.lang.reflect.Method.invoke(Method.java:580)\n\tat org.testng.internal.invokers.MethodInvocationHelper.invokeMethod(MethodInvocationHelper.java:141)\n\tat org.testng.internal.invokers.MethodInvocationHelper.invokeMethod(MethodInvocationHelper.java:86)\n\tat org.testng.internal.invokers.MethodInvocationHelper.invokeMethodNoCheckedException(MethodInvocationHelper.java:54)\n\t... 24 more\nCaused by: java.lang.IllegalArgumentException: argument \"src\" is null\n\tat com.fasterxml.jackson.databind.ObjectMapper._assertNotNull(ObjectMapper.java:4980)\n\tat com.fasterxml.jackson.databind.ObjectMapper.readValue(ObjectMapper.java:3816)\n\tat Utils.TestDataUtil.getTestDataFromJson(TestDataUtil.java:16)\n\t... 30 more\n"},"stage":"finished","steps":[],"attachments":[],"parameters":[],"start":1752617949488,"stop":1752617949489}